<?xml version="1.0" encoding="UTF-8"?>
<testsuite name="com.bl.moodAnalyserTest.MoodAnalyserTester" tests="1" skipped="0" failures="0" errors="0" timestamp="2023-06-24T08:43:40" hostname="GANESH" time="0.034">
  <properties/>
  <testcase name="WhenGivenMessageIsNullThenHandleException()" classname="com.bl.moodAnalyserTest.MoodAnalyserTester" time="0.034"/>
  <system-out><![CDATA[]]></system-out>
  <system-err><![CDATA[]]></system-err>
</testsuite>
