<?xml version="1.0" encoding="UTF-8"?>
<testsuite name="com.bl.moodAnalyserTest.MoodAnalyserTester" tests="1" skipped="0" failures="0" errors="0" timestamp="2023-06-24T02:45:00" hostname="GANESH" time="0.033">
  <properties/>
  <testcase name="WhenGivenMessageIsSadThenReturnsad()" classname="com.bl.moodAnalyserTest.MoodAnalyserTester" time="0.033"/>
  <system-out><![CDATA[]]></system-out>
  <system-err><![CDATA[]]></system-err>
</testsuite>
